<Events>\n
	<Event
		xmlns='http://schemas.microsoft.com/win/2004/08/events/event'>
		<System>
			<Provider Name='Microsoft-Windows-Windows Defender' Guid='{11cd958a-c507-4ef3-b3f2-5fd9dfbd2c78}'/>
			<EventID>1116</EventID>
			<Version>0</Version>
			<Level>3</Level>
			<Task>0</Task>
			<Opcode>0</Opcode>
			<Keywords>0x8000000000000000</Keywords>
			<TimeCreated SystemTime='2025-07-12T18:45:56.9283044Z'/>
			<EventRecordID>39741</EventRecordID>
			<Correlation/>
			<Execution ProcessID='2888' ThreadID='1912'/>
			<Channel>Microsoft-Windows-Windows Defender/Operational</Channel>
			<Computer>DESKTOP-6ENUR41</Computer>
			<Security UserID='S-1-5-18'/>
		</System>
		<EventData>
			<Data Name='Product Name'>Microsoft Defender Antivirus</Data>
			<Data Name='Product Version'>4.18.25050.5</Data>
			<Data Name='Detection ID'>{6029D8AE-A305-41BD-9BF4-4378168C91C0}</Data>
			<Data Name='Detection Time'>2025-07-12T18:45:56.925Z</Data>
			<Data Name='Unused'></Data>
			<Data Name='Unused2'></Data>
			<Data Name='Threat ID'>2147723573</Data>
			<Data Name='Threat Name'>Behavior:Win32/Meterpreter.gen!A</Data>
			<Data Name='Severity ID'>5</Data>
			<Data Name='Severity Name'>Severe</Data>
			<Data Name='Category ID'>46</Data>
			<Data Name='Category Name'>Suspicious Behaviour</Data>
			<Data Name='FWLink'>https://go.microsoft.com/fwlink/?linkid=37020&amp;name=Behavior:Win32/Meterpreter.gen!A&amp;threatid=2147723573&amp;enterprise=0</Data>
			<Data Name='Status Code'>1</Data>
			<Data Name='Status Description'></Data>
			<Data Name='State'>1</Data>
			<Data Name='Source ID'>0</Data>
			<Data Name='Source Name'>Unknown</Data>
			<Data Name='Process Name'>Unknown</Data>
			<Data Name='Detection User'></Data>
			<Data Name='Unused3'></Data>
			<Data Name='Path'>behavior:_process: C:\\RedEdr\\data\\ShellcodeGuard-shc.exe, pid:12440:74439734262196; process:_pid:12440,ProcessStart:133968195558152566</Data>
			<Data Name='Origin ID'>0</Data>
			<Data Name='Origin Name'>Unknown</Data>
			<Data Name='Execution ID'>3</Data>
			<Data Name='Execution Name'>Executing</Data>
			<Data Name='Type ID'>0</Data>
			<Data Name='Type Name'>Concrete</Data>
			<Data Name='Pre Execution Status'>0</Data>
			<Data Name='Action ID'>9</Data>
			<Data Name='Action Name'>Not Applicable</Data>
			<Data Name='Unused4'></Data>
			<Data Name='Error Code'>0x00000000</Data>
			<Data Name='Error Description'>The operation completed successfully. </Data>
			<Data Name='Unused5'></Data>
			<Data Name='Post Clean Status'>0</Data>
			<Data Name='Additional Actions ID'>0</Data>
			<Data Name='Additional Actions String'>No additional actions required</Data>
			<Data Name='Remediation User'></Data>
			<Data Name='Unused6'></Data>
			<Data Name='Security intelligence Version'>AV: 1.431.575.0, AS: 1.431.575.0, NIS: 1.431.575.0</Data>
			<Data Name='Engine Version'>AM: 1.1.25050.6, NIS: 1.1.25050.6</Data>
		</EventData>
	</Event>\n
	<Event
		xmlns='http://schemas.microsoft.com/win/2004/08/events/event'>
		<System>
			<Provider Name='Microsoft-Windows-Windows Defender' Guid='{11cd958a-c507-4ef3-b3f2-5fd9dfbd2c78}'/>
			<EventID>1116</EventID>
			<Version>0</Version>
			<Level>3</Level>
			<Task>0</Task>
			<Opcode>0</Opcode>
			<Keywords>0x8000000000000000</Keywords>
			<TimeCreated SystemTime='2025-07-12T18:45:57.0101922Z'/>
			<EventRecordID>39742</EventRecordID>
			<Correlation/>
			<Execution ProcessID='2888' ThreadID='1912'/>
			<Channel>Microsoft-Windows-Windows Defender/Operational</Channel>
			<Computer>DESKTOP-6ENUR41</Computer>
			<Security UserID='S-1-5-18'/>
		</System>
		<EventData>
			<Data Name='Product Name'>Microsoft Defender Antivirus</Data>
			<Data Name='Product Version'>4.18.25050.5</Data>
			<Data Name='Detection ID'>{5664D9FD-42FD-45D9-9433-1693DB374FC1}</Data>
			<Data Name='Detection Time'>2025-07-12T18:45:57.008Z</Data>
			<Data Name='Unused'></Data>
			<Data Name='Unused2'></Data>
			<Data Name='Threat ID'>2147728104</Data>
			<Data Name='Threat Name'>Behavior:Win32/Meterpreter.gen!D</Data>
			<Data Name='Severity ID'>5</Data>
			<Data Name='Severity Name'>Severe</Data>
			<Data Name='Category ID'>46</Data>
			<Data Name='Category Name'>Suspicious Behaviour</Data>
			<Data Name='FWLink'>https://go.microsoft.com/fwlink/?linkid=37020&amp;name=Behavior:Win32/Meterpreter.gen!D&amp;threatid=2147728104&amp;enterprise=0</Data>
			<Data Name='Status Code'>1</Data>
			<Data Name='Status Description'></Data>
			<Data Name='State'>1</Data>
			<Data Name='Source ID'>0</Data>
			<Data Name='Source Name'>Unknown</Data>
			<Data Name='Process Name'>Unknown</Data>
			<Data Name='Detection User'></Data>
			<Data Name='Unused3'></Data>
			<Data Name='Path'>behavior:_process: C:\\RedEdr\\data\\ShellcodeGuard-shc.exe, pid:12440:56844127554067; process:_pid:12440,ProcessStart:133968195558152566</Data>
			<Data Name='Origin ID'>0</Data>
			<Data Name='Origin Name'>Unknown</Data>
			<Data Name='Execution ID'>3</Data>
			<Data Name='Execution Name'>Executing</Data>
			<Data Name='Type ID'>0</Data>
			<Data Name='Type Name'>Concrete</Data>
			<Data Name='Pre Execution Status'>0</Data>
			<Data Name='Action ID'>9</Data>
			<Data Name='Action Name'>Not Applicable</Data>
			<Data Name='Unused4'></Data>
			<Data Name='Error Code'>0x00000000</Data>
			<Data Name='Error Description'>The operation completed successfully. </Data>
			<Data Name='Unused5'></Data>
			<Data Name='Post Clean Status'>0</Data>
			<Data Name='Additional Actions ID'>0</Data>
			<Data Name='Additional Actions String'>No additional actions required</Data>
			<Data Name='Remediation User'></Data>
			<Data Name='Unused6'></Data>
			<Data Name='Security intelligence Version'>AV: 1.431.575.0, AS: 1.431.575.0, NIS: 1.431.575.0</Data>
			<Data Name='Engine Version'>AM: 1.1.25050.6, NIS: 1.1.25050.6</Data>
		</EventData>
	</Event>\n
	<Event
		xmlns='http://schemas.microsoft.com/win/2004/08/events/event'>
		<System>
			<Provider Name='Microsoft-Windows-Windows Defender' Guid='{11cd958a-c507-4ef3-b3f2-5fd9dfbd2c78}'/>
			<EventID>1116</EventID>
			<Version>0</Version>
			<Level>3</Level>
			<Task>0</Task>
			<Opcode>0</Opcode>
			<Keywords>0x8000000000000000</Keywords>
			<TimeCreated SystemTime='2025-07-12T18:45:57.4417944Z'/>
			<EventRecordID>39743</EventRecordID>
			<Correlation ActivityID='{dcefd357-e4a7-4beb-9d8d-a6ff7658c194}'/>
			<Execution ProcessID='2888' ThreadID='9864'/>
			<Channel>Microsoft-Windows-Windows Defender/Operational</Channel>
			<Computer>DESKTOP-6ENUR41</Computer>
			<Security UserID='S-1-5-18'/>
		</System>
		<EventData>
			<Data Name='Product Name'>Microsoft Defender Antivirus</Data>
			<Data Name='Product Version'>4.18.25050.5</Data>
			<Data Name='Detection ID'>{6029D8AE-A305-41BD-9BF4-4378168C91C0}</Data>
			<Data Name='Detection Time'>2025-07-12T18:45:56.925Z</Data>
			<Data Name='Unused'></Data>
			<Data Name='Unused2'></Data>
			<Data Name='Threat ID'>2147723573</Data>
			<Data Name='Threat Name'>Behavior:Win32/Meterpreter.gen!A</Data>
			<Data Name='Severity ID'>5</Data>
			<Data Name='Severity Name'>Severe</Data>
			<Data Name='Category ID'>46</Data>
			<Data Name='Category Name'>Suspicious Behaviour</Data>
			<Data Name='FWLink'>https://go.microsoft.com/fwlink/?linkid=37020&amp;name=Behavior:Win32/Meterpreter.gen!A&amp;threatid=2147723573&amp;enterprise=0</Data>
			<Data Name='Status Code'>1</Data>
			<Data Name='Status Description'></Data>
			<Data Name='State'>1</Data>
			<Data Name='Source ID'>0</Data>
			<Data Name='Source Name'>Unknown</Data>
			<Data Name='Process Name'>C:\\RedEdr\\data\\ShellcodeGuard-shc.exe</Data>
			<Data Name='Detection User'></Data>
			<Data Name='Unused3'></Data>
			<Data Name='Path'>behavior:_process: C:\\RedEdr\\data\\ShellcodeGuard-shc.exe, pid:12440:74439734262196; process:_pid:12440,ProcessStart:133968195558152566</Data>
			<Data Name='Origin ID'>0</Data>
			<Data Name='Origin Name'>Unknown</Data>
			<Data Name='Execution ID'>3</Data>
			<Data Name='Execution Name'>Executing</Data>
			<Data Name='Type ID'>2</Data>
			<Data Name='Type Name'>Generic</Data>
			<Data Name='Pre Execution Status'>0</Data>
			<Data Name='Action ID'>9</Data>
			<Data Name='Action Name'>Not Applicable</Data>
			<Data Name='Unused4'></Data>
			<Data Name='Error Code'>0x00000000</Data>
			<Data Name='Error Description'>The operation completed successfully. </Data>
			<Data Name='Unused5'></Data>
			<Data Name='Post Clean Status'>0</Data>
			<Data Name='Additional Actions ID'>0</Data>
			<Data Name='Additional Actions String'>No additional actions required</Data>
			<Data Name='Remediation User'></Data>
			<Data Name='Unused6'></Data>
			<Data Name='Security intelligence Version'>AV: 1.431.575.0, AS: 1.431.575.0, NIS: 1.431.575.0</Data>
			<Data Name='Engine Version'>AM: 1.1.25050.6, NIS: 1.1.25050.6</Data>
		</EventData>
	</Event>\n
	<Event
		xmlns='http://schemas.microsoft.com/win/2004/08/events/event'>
		<System>
			<Provider Name='Microsoft-Windows-Windows Defender' Guid='{11cd958a-c507-4ef3-b3f2-5fd9dfbd2c78}'/>
			<EventID>1117</EventID>
			<Version>0</Version>
			<Level>4</Level>
			<Task>0</Task>
			<Opcode>0</Opcode>
			<Keywords>0x8000000000000000</Keywords>
			<TimeCreated SystemTime='2025-07-12T18:45:57.6144443Z'/>
			<EventRecordID>39744</EventRecordID>
			<Correlation/>
			<Execution ProcessID='2888' ThreadID='6008'/>
			<Channel>Microsoft-Windows-Windows Defender/Operational</Channel>
			<Computer>DESKTOP-6ENUR41</Computer>
			<Security UserID='S-1-5-18'/>
		</System>
		<EventData>
			<Data Name='Product Name'>Microsoft Defender Antivirus</Data>
			<Data Name='Product Version'>4.18.25050.5</Data>
			<Data Name='Detection ID'>{6029D8AE-A305-41BD-9BF4-4378168C91C0}</Data>
			<Data Name='Detection Time'>2025-07-12T18:45:56.925Z</Data>
			<Data Name='Unused'></Data>
			<Data Name='Unused2'></Data>
			<Data Name='Threat ID'>2147723573</Data>
			<Data Name='Threat Name'>Behavior:Win32/Meterpreter.gen!A</Data>
			<Data Name='Severity ID'>5</Data>
			<Data Name='Severity Name'>Severe</Data>
			<Data Name='Category ID'>46</Data>
			<Data Name='Category Name'>Suspicious Behaviour</Data>
			<Data Name='FWLink'>https://go.microsoft.com/fwlink/?linkid=37020&amp;name=Behavior:Win32/Meterpreter.gen!A&amp;threatid=2147723573&amp;enterprise=0</Data>
			<Data Name='Status Code'>4</Data>
			<Data Name='Status Description'></Data>
			<Data Name='State'>2</Data>
			<Data Name='Source ID'>0</Data>
			<Data Name='Source Name'>Unknown</Data>
			<Data Name='Process Name'>C:\\RedEdr\\data\\ShellcodeGuard-shc.exe</Data>
			<Data Name='Detection User'></Data>
			<Data Name='Unused3'></Data>
			<Data Name='Path'>behavior:_process: C:\\RedEdr\\data\\ShellcodeGuard-shc.exe, pid:12440:74439734262196; process:_pid:12440,ProcessStart:133968195558152566</Data>
			<Data Name='Origin ID'>0</Data>
			<Data Name='Origin Name'>Unknown</Data>
			<Data Name='Execution ID'>3</Data>
			<Data Name='Execution Name'>Executing</Data>
			<Data Name='Type ID'>2</Data>
			<Data Name='Type Name'>Generic</Data>
			<Data Name='Pre Execution Status'>3</Data>
			<Data Name='Action ID'>3</Data>
			<Data Name='Action Name'>Remove</Data>
			<Data Name='Unused4'></Data>
			<Data Name='Error Code'>0x00000000</Data>
			<Data Name='Error Description'>The operation completed successfully. </Data>
			<Data Name='Unused5'></Data>
			<Data Name='Post Clean Status'>0</Data>
			<Data Name='Additional Actions ID'>0</Data>
			<Data Name='Additional Actions String'>No additional actions required</Data>
			<Data Name='Remediation User'>NT AUTHORITY\\SYSTEM</Data>
			<Data Name='Unused6'></Data>
			<Data Name='Security intelligence Version'>AV: 1.431.575.0, AS: 1.431.575.0, NIS: 1.431.575.0</Data>
			<Data Name='Engine Version'>AM: 1.1.25050.6, NIS: 1.1.25050.6</Data>
		</EventData>
	</Event>\n
	<Event
		xmlns='http://schemas.microsoft.com/win/2004/08/events/event'>
		<System>
			<Provider Name='Microsoft-Windows-Windows Defender' Guid='{11cd958a-c507-4ef3-b3f2-5fd9dfbd2c78}'/>
			<EventID>1117</EventID>
			<Version>0</Version>
			<Level>4</Level>
			<Task>0</Task>
			<Opcode>0</Opcode>
			<Keywords>0x8000000000000000</Keywords>
			<TimeCreated SystemTime='2025-07-12T18:45:57.8590102Z'/>
			<EventRecordID>39745</EventRecordID>
			<Correlation/>
			<Execution ProcessID='2888' ThreadID='6008'/>
			<Channel>Microsoft-Windows-Windows Defender/Operational</Channel>
			<Computer>DESKTOP-6ENUR41</Computer>
			<Security UserID='S-1-5-18'/>
		</System>
		<EventData>
			<Data Name='Product Name'>Microsoft Defender Antivirus</Data>
			<Data Name='Product Version'>4.18.25050.5</Data>
			<Data Name='Detection ID'>{5664D9FD-42FD-45D9-9433-1693DB374FC1}</Data>
			<Data Name='Detection Time'>2025-07-12T18:45:57.008Z</Data>
			<Data Name='Unused'></Data>
			<Data Name='Unused2'></Data>
			<Data Name='Threat ID'>2147728104</Data>
			<Data Name='Threat Name'>Behavior:Win32/Meterpreter.gen!D</Data>
			<Data Name='Severity ID'>5</Data>
			<Data Name='Severity Name'>Severe</Data>
			<Data Name='Category ID'>46</Data>
			<Data Name='Category Name'>Suspicious Behaviour</Data>
			<Data Name='FWLink'>https://go.microsoft.com/fwlink/?linkid=37020&amp;name=Behavior:Win32/Meterpreter.gen!D&amp;threatid=2147728104&amp;enterprise=0</Data>
			<Data Name='Status Code'>4</Data>
			<Data Name='Status Description'></Data>
			<Data Name='State'>2</Data>
			<Data Name='Source ID'>0</Data>
			<Data Name='Source Name'>Unknown</Data>
			<Data Name='Process Name'>Unknown</Data>
			<Data Name='Detection User'></Data>
			<Data Name='Unused3'></Data>
			<Data Name='Path'>behavior:_process: C:\\RedEdr\\data\\ShellcodeGuard-shc.exe, pid:12440:56844127554067; process:_pid:12440,ProcessStart:133968195558152566</Data>
			<Data Name='Origin ID'>0</Data>
			<Data Name='Origin Name'>Unknown</Data>
			<Data Name='Execution ID'>3</Data>
			<Data Name='Execution Name'>Executing</Data>
			<Data Name='Type ID'>0</Data>
			<Data Name='Type Name'>Concrete</Data>
			<Data Name='Pre Execution Status'>3</Data>
			<Data Name='Action ID'>3</Data>
			<Data Name='Action Name'>Remove</Data>
			<Data Name='Unused4'></Data>
			<Data Name='Error Code'>0x00000000</Data>
			<Data Name='Error Description'>The operation completed successfully. </Data>
			<Data Name='Unused5'></Data>
			<Data Name='Post Clean Status'>0</Data>
			<Data Name='Additional Actions ID'>0</Data>
			<Data Name='Additional Actions String'>No additional actions required</Data>
			<Data Name='Remediation User'>NT AUTHORITY\\SYSTEM</Data>
			<Data Name='Unused6'></Data>
			<Data Name='Security intelligence Version'>AV: 1.431.575.0, AS: 1.431.575.0, NIS: 1.431.575.0</Data>
			<Data Name='Engine Version'>AM: 1.1.25050.6, NIS: 1.1.25050.6</Data>
		</EventData>
	</Event>\n
	<Event
		xmlns='http://schemas.microsoft.com/win/2004/08/events/event'>
		<System>
			<Provider Name='Microsoft-Windows-Windows Defender' Guid='{11cd958a-c507-4ef3-b3f2-5fd9dfbd2c78}'/>
			<EventID>1116</EventID>
			<Version>0</Version>
			<Level>3</Level>
			<Task>0</Task>
			<Opcode>0</Opcode>
			<Keywords>0x8000000000000000</Keywords>
			<TimeCreated SystemTime='2025-07-12T18:45:57.8608029Z'/>
			<EventRecordID>39746</EventRecordID>
			<Correlation/>
			<Execution ProcessID='2888' ThreadID='9864'/>
			<Channel>Microsoft-Windows-Windows Defender/Operational</Channel>
			<Computer>DESKTOP-6ENUR41</Computer>
			<Security UserID='S-1-5-18'/>
		</System>
		<EventData>
			<Data Name='Product Name'>Microsoft Defender Antivirus</Data>
			<Data Name='Product Version'>4.18.25050.5</Data>
			<Data Name='Detection ID'>{ABF1A3CA-AF24-4A87-8AFC-6DFA6F6AE7E6}</Data>
			<Data Name='Detection Time'>2025-07-12T18:45:57.859Z</Data>
			<Data Name='Unused'></Data>
			<Data Name='Unused2'></Data>
			<Data Name='Threat ID'>2147728104</Data>
			<Data Name='Threat Name'>Behavior:Win32/Meterpreter.gen!D</Data>
			<Data Name='Severity ID'>5</Data>
			<Data Name='Severity Name'>Severe</Data>
			<Data Name='Category ID'>46</Data>
			<Data Name='Category Name'>Suspicious Behaviour</Data>
			<Data Name='FWLink'>https://go.microsoft.com/fwlink/?linkid=37020&amp;name=Behavior:Win32/Meterpreter.gen!D&amp;threatid=2147728104&amp;enterprise=0</Data>
			<Data Name='Status Code'>1</Data>
			<Data Name='Status Description'></Data>
			<Data Name='State'>1</Data>
			<Data Name='Source ID'>2</Data>
			<Data Name='Source Name'>System</Data>
			<Data Name='Process Name'>Unknown</Data>
			<Data Name='Detection User'>NT AUTHORITY\\SYSTEM</Data>
			<Data Name='Unused3'></Data>
			<Data Name='Path'>behavior:_process: C:\\RedEdr\\data\\ShellcodeGuard-shc.exe, pid:12440:56844127554067; file:_C:\\RedEdr\\data\\ShellcodeGuard-shc.exe</Data>
			<Data Name='Origin ID'>1</Data>
			<Data Name='Origin Name'>Local machine</Data>
			<Data Name='Execution ID'>0</Data>
			<Data Name='Execution Name'>Unknown</Data>
			<Data Name='Type ID'>2</Data>
			<Data Name='Type Name'>Generic</Data>
			<Data Name='Pre Execution Status'>0</Data>
			<Data Name='Action ID'>9</Data>
			<Data Name='Action Name'>Not Applicable</Data>
			<Data Name='Unused4'></Data>
			<Data Name='Error Code'>0x00000000</Data>
			<Data Name='Error Description'>The operation completed successfully. </Data>
			<Data Name='Unused5'></Data>
			<Data Name='Post Clean Status'>0</Data>
			<Data Name='Additional Actions ID'>0</Data>
			<Data Name='Additional Actions String'>No additional actions required</Data>
			<Data Name='Remediation User'></Data>
			<Data Name='Unused6'></Data>
			<Data Name='Security intelligence Version'>AV: 1.431.575.0, AS: 1.431.575.0, NIS: 1.431.575.0</Data>
			<Data Name='Engine Version'>AM: 1.1.25050.6, NIS: 1.1.25050.6</Data>
		</EventData>
	</Event>\n
	<Event
		xmlns='http://schemas.microsoft.com/win/2004/08/events/event'>
		<System>
			<Provider Name='Microsoft-Windows-Windows Defender' Guid='{11cd958a-c507-4ef3-b3f2-5fd9dfbd2c78}'/>
			<EventID>1116</EventID>
			<Version>0</Version>
			<Level>3</Level>
			<Task>0</Task>
			<Opcode>0</Opcode>
			<Keywords>0x8000000000000000</Keywords>
			<TimeCreated SystemTime='2025-07-12T18:45:57.8933580Z'/>
			<EventRecordID>39747</EventRecordID>
			<Correlation/>
			<Execution ProcessID='2888' ThreadID='6008'/>
			<Channel>Microsoft-Windows-Windows Defender/Operational</Channel>
			<Computer>DESKTOP-6ENUR41</Computer>
			<Security UserID='S-1-5-18'/>
		</System>
		<EventData>
			<Data Name='Product Name'>Microsoft Defender Antivirus</Data>
			<Data Name='Product Version'>4.18.25050.5</Data>
			<Data Name='Detection ID'>{ABF1A3CA-AF24-4A87-8AFC-6DFA6F6AE7E6}</Data>
			<Data Name='Detection Time'>2025-07-12T18:45:57.859Z</Data>
			<Data Name='Unused'></Data>
			<Data Name='Unused2'></Data>
			<Data Name='Threat ID'>2147728104</Data>
			<Data Name='Threat Name'>Behavior:Win32/Meterpreter.gen!D</Data>
			<Data Name='Severity ID'>5</Data>
			<Data Name='Severity Name'>Severe</Data>
			<Data Name='Category ID'>46</Data>
			<Data Name='Category Name'>Suspicious Behaviour</Data>
			<Data Name='FWLink'>https://go.microsoft.com/fwlink/?linkid=37020&amp;name=Behavior:Win32/Meterpreter.gen!D&amp;threatid=2147728104&amp;enterprise=0</Data>
			<Data Name='Status Code'>1</Data>
			<Data Name='Status Description'></Data>
			<Data Name='State'>1</Data>
			<Data Name='Source ID'>2</Data>
			<Data Name='Source Name'>System</Data>
			<Data Name='Process Name'>Unknown</Data>
			<Data Name='Detection User'>NT AUTHORITY\\SYSTEM</Data>
			<Data Name='Unused3'></Data>
			<Data Name='Path'>behavior:_process: C:\\RedEdr\\data\\ShellcodeGuard-shc.exe, pid:12440:56844127554067; file:_C:\\RedEdr\\data\\ShellcodeGuard-shc.exe</Data>
			<Data Name='Origin ID'>1</Data>
			<Data Name='Origin Name'>Local machine</Data>
			<Data Name='Execution ID'>0</Data>
			<Data Name='Execution Name'>Unknown</Data>
			<Data Name='Type ID'>2</Data>
			<Data Name='Type Name'>Generic</Data>
			<Data Name='Pre Execution Status'>0</Data>
			<Data Name='Action ID'>9</Data>
			<Data Name='Action Name'>Not Applicable</Data>
			<Data Name='Unused4'></Data>
			<Data Name='Error Code'>0x00000000</Data>
			<Data Name='Error Description'>The operation completed successfully. </Data>
			<Data Name='Unused5'></Data>
			<Data Name='Post Clean Status'>0</Data>
			<Data Name='Additional Actions ID'>0</Data>
			<Data Name='Additional Actions String'>No additional actions required</Data>
			<Data Name='Remediation User'></Data>
			<Data Name='Unused6'></Data>
			<Data Name='Security intelligence Version'>AV: 1.431.575.0, AS: 1.431.575.0, NIS: 1.431.575.0</Data>
			<Data Name='Engine Version'>AM: 1.1.25050.6, NIS: 1.1.25050.6</Data>
		</EventData>
	</Event>\n
</Events>